25-Feb-19 10:37:17 -[INFO]  password: 31611159e7e6ff7843ea4627745e89225fc866621cfcfdbd40871af4413747cc, plain text result: jack cracked by common_password_cracker, time used: 0.0002880096435546875 seconds
25-Feb-19 10:37:17 -[DEBUG]  Password Hash: 4fb694b660936dc31baae492b3034d88d05702b0f1d3d83a37ec38501f641834 failed, h = 0
25-Feb-19 10:37:17 -[INFO]  password: 4fb694b660936dc31baae492b3034d88d05702b0f1d3d83a37ec38501f641834, plain text result: mahalko cracked by common_password_cracker, time used: 0.0067484378814697266 seconds
25-Feb-19 10:37:17 -[DEBUG]  Password Hash: a9c3c1f7674502331a5ad3e54592d3eb2fc39cf78bb908004777ff4ac89119e4 failed, h = 0
25-Feb-19 10:37:17 -[DEBUG]  Password Hash: a9c3c1f7674502331a5ad3e54592d3eb2fc39cf78bb908004777ff4ac89119e4 failed, h = 1
25-Feb-19 10:37:17 -[INFO]  password: a9c3c1f7674502331a5ad3e54592d3eb2fc39cf78bb908004777ff4ac89119e4, plain text result: queen cracked by common_password_cracker, time used: 0.003956794738769531 seconds
25-Feb-19 10:37:17 -[DEBUG]  Password Hash: 13b5337235325d16440e68a61b03eb134dcad8c2b712da508b07cb7ceac14fd9 failed, h = 0
25-Feb-19 10:37:17 -[DEBUG]  Password Hash: 13b5337235325d16440e68a61b03eb134dcad8c2b712da508b07cb7ceac14fd9 failed, h = 1
25-Feb-19 10:37:17 -[DEBUG]  Password Hash: 13b5337235325d16440e68a61b03eb134dcad8c2b712da508b07cb7ceac14fd9 failed, h = 2
25-Feb-19 10:37:17 -[DEBUG]  Password Hash: 13b5337235325d16440e68a61b03eb134dcad8c2b712da508b07cb7ceac14fd9 method 1 failed
25-Feb-19 10:39:29 -[INFO]  password: 13b5337235325d16440e68a61b03eb134dcad8c2b712da508b07cb7ceac14fd9, plain text result: 94960111 cracked by number_password_cracker, time used: 132.32925415039062 seconds
25-Feb-19 10:39:29 -[DEBUG]  Password Hash: 0603a9b952484f527e6dec6fd4ed1cf8c857b5f24c766fa641ab8018bf1d6712 failed, h = 0
25-Feb-19 10:39:29 -[DEBUG]  Password Hash: 0603a9b952484f527e6dec6fd4ed1cf8c857b5f24c766fa641ab8018bf1d6712 failed, h = 1
25-Feb-19 10:39:29 -[DEBUG]  Password Hash: 0603a9b952484f527e6dec6fd4ed1cf8c857b5f24c766fa641ab8018bf1d6712 failed, h = 2
25-Feb-19 10:39:29 -[DEBUG]  Password Hash: 0603a9b952484f527e6dec6fd4ed1cf8c857b5f24c766fa641ab8018bf1d6712 method 1 failed
25-Feb-19 14:37:24 -[DEBUG]  Password Hash: 0603a9b952484f527e6dec6fd4ed1cf8c857b5f24c766fa641ab8018bf1d6712 failed, i = 0
25-Feb-19 14:37:41 -[INFO]  password: 0603a9b952484f527e6dec6fd4ed1cf8c857b5f24c766fa641ab8018bf1d6712, plain text result: 11983805 cracked by number_password_cracker, time used: 14292.56288766861 seconds
25-Feb-19 14:37:41 -[DEBUG]  Password Hash: 529ed1f64dec9e61eaa6b426a2cbc26d4625627f9ef93bba0b4c49cb079aab44 failed, h = 0
25-Feb-19 14:37:41 -[DEBUG]  Password Hash: 529ed1f64dec9e61eaa6b426a2cbc26d4625627f9ef93bba0b4c49cb079aab44 failed, h = 1
25-Feb-19 14:37:41 -[DEBUG]  Password Hash: 529ed1f64dec9e61eaa6b426a2cbc26d4625627f9ef93bba0b4c49cb079aab44 failed, h = 2
25-Feb-19 14:37:41 -[DEBUG]  Password Hash: 529ed1f64dec9e61eaa6b426a2cbc26d4625627f9ef93bba0b4c49cb079aab44 method 1 failed
Password 3, failed to be cracked, 3AM to 8AM, 5h

