25-Feb-19 16:28:37 -[DEBUG]  Password Hash: c637eb223feacc231131f3ee83d20ed4586de1421e5b6579d652ef8da7ff6b6d failed, h = 0
25-Feb-19 16:28:37 -[DEBUG]  Password Hash: c637eb223feacc231131f3ee83d20ed4586de1421e5b6579d652ef8da7ff6b6d failed, h = 1
25-Feb-19 16:28:37 -[DEBUG]  Password Hash: c637eb223feacc231131f3ee83d20ed4586de1421e5b6579d652ef8da7ff6b6d failed, h = 2
25-Feb-19 16:28:37 -[DEBUG]  Password Hash: c637eb223feacc231131f3ee83d20ed4586de1421e5b6579d652ef8da7ff6b6d method 1 failed
25-Feb-19 16:28:37 -[INFO]  password: c637eb223feacc231131f3ee83d20ed4586de1421e5b6579d652ef8da7ff6b6d, plain text result: POLTROON cracked by word_password_cracker, time used: 0.34647464752197266 seconds
25-Feb-19 16:28:37 -[DEBUG]  Password Hash: c187ea22b4fcbf06c7a161e10e1dda83db1ca532e249520b2ac7e8687b74e71c failed, h = 0
25-Feb-19 16:28:37 -[DEBUG]  Password Hash: c187ea22b4fcbf06c7a161e10e1dda83db1ca532e249520b2ac7e8687b74e71c failed, h = 1
25-Feb-19 16:28:37 -[DEBUG]  Password Hash: c187ea22b4fcbf06c7a161e10e1dda83db1ca532e249520b2ac7e8687b74e71c failed, h = 2
25-Feb-19 16:28:37 -[DEBUG]  Password Hash: c187ea22b4fcbf06c7a161e10e1dda83db1ca532e249520b2ac7e8687b74e71c method 1 failed
25-Feb-19 16:28:37 -[DEBUG]  Password Hash: c187ea22b4fcbf06c7a161e10e1dda83db1ca532e249520b2ac7e8687b74e71c method 3 failed
25-Feb-19 16:29:08 -[DEBUG]  Password Hash: c187ea22b4fcbf06c7a161e10e1dda83db1ca532e249520b2ac7e8687b74e71c failed, h = 0
25-Feb-19 16:29:08 -[DEBUG]  Password Hash: c187ea22b4fcbf06c7a161e10e1dda83db1ca532e249520b2ac7e8687b74e71c failed, h = 1
25-Feb-19 16:29:08 -[DEBUG]  Password Hash: c187ea22b4fcbf06c7a161e10e1dda83db1ca532e249520b2ac7e8687b74e71c failed, h = 2
25-Feb-19 16:29:08 -[DEBUG]  Password Hash: c187ea22b4fcbf06c7a161e10e1dda83db1ca532e249520b2ac7e8687b74e71c method 1 failed
25-Feb-19 16:29:08 -[INFO]  password: c187ea22b4fcbf06c7a161e10e1dda83db1ca532e249520b2ac7e8687b74e71c, plain text result: PLECTRES cracked by word_password_cracker, time used: 0.34485650062561035 seconds
25-Feb-19 16:29:08 -[DEBUG]  Password Hash: d76861c2353b82b4ac12ea5547d1eec2ecd230fb40f0d7d15cea652f65bb0807 failed, h = 0
25-Feb-19 16:29:08 -[DEBUG]  Password Hash: d76861c2353b82b4ac12ea5547d1eec2ecd230fb40f0d7d15cea652f65bb0807 failed, h = 1
25-Feb-19 16:29:08 -[DEBUG]  Password Hash: d76861c2353b82b4ac12ea5547d1eec2ecd230fb40f0d7d15cea652f65bb0807 failed, h = 2
25-Feb-19 16:29:08 -[DEBUG]  Password Hash: d76861c2353b82b4ac12ea5547d1eec2ecd230fb40f0d7d15cea652f65bb0807 method 1 failed
25-Feb-19 16:29:08 -[DEBUG]  Password Hash: d76861c2353b82b4ac12ea5547d1eec2ecd230fb40f0d7d15cea652f65bb0807 method 3 failed
25-Feb-19 16:29:33 -[DEBUG]  Password Hash: d76861c2353b82b4ac12ea5547d1eec2ecd230fb40f0d7d15cea652f65bb0807 failed, h = 0
25-Feb-19 16:29:33 -[DEBUG]  Password Hash: d76861c2353b82b4ac12ea5547d1eec2ecd230fb40f0d7d15cea652f65bb0807 failed, h = 1
25-Feb-19 16:29:33 -[DEBUG]  Password Hash: d76861c2353b82b4ac12ea5547d1eec2ecd230fb40f0d7d15cea652f65bb0807 failed, h = 2
25-Feb-19 16:29:33 -[DEBUG]  Password Hash: d76861c2353b82b4ac12ea5547d1eec2ecd230fb40f0d7d15cea652f65bb0807 method 1 failed
25-Feb-19 16:29:33 -[INFO]  password: d76861c2353b82b4ac12ea5547d1eec2ecd230fb40f0d7d15cea652f65bb0807, plain text result: RADIOTHERAPIES cracked by word_password_cracker, time used: 0.4077937602996826 seconds
25-Feb-19 16:29:33 -[DEBUG]  Password Hash: 6ba388f8224209533637b1b9ce741555cf399ac0a7aaa61bc5cc6a619f098ab6 failed, h = 0
25-Feb-19 16:29:33 -[DEBUG]  Password Hash: 6ba388f8224209533637b1b9ce741555cf399ac0a7aaa61bc5cc6a619f098ab6 failed, h = 1
25-Feb-19 16:29:33 -[DEBUG]  Password Hash: 6ba388f8224209533637b1b9ce741555cf399ac0a7aaa61bc5cc6a619f098ab6 failed, h = 2
25-Feb-19 16:29:33 -[DEBUG]  Password Hash: 6ba388f8224209533637b1b9ce741555cf399ac0a7aaa61bc5cc6a619f098ab6 method 1 failed
25-Feb-19 16:29:33 -[DEBUG]  Password Hash: 6ba388f8224209533637b1b9ce741555cf399ac0a7aaa61bc5cc6a619f098ab6 method 3 failed
25-Feb-19 16:30:33 -[DEBUG]  Password Hash: 6ba388f8224209533637b1b9ce741555cf399ac0a7aaa61bc5cc6a619f098ab6 failed, h = 0
25-Feb-19 16:30:33 -[DEBUG]  Password Hash: 6ba388f8224209533637b1b9ce741555cf399ac0a7aaa61bc5cc6a619f098ab6 failed, h = 1
25-Feb-19 16:30:33 -[DEBUG]  Password Hash: 6ba388f8224209533637b1b9ce741555cf399ac0a7aaa61bc5cc6a619f098ab6 failed, h = 2
25-Feb-19 16:30:33 -[DEBUG]  Password Hash: 6ba388f8224209533637b1b9ce741555cf399ac0a7aaa61bc5cc6a619f098ab6 method 1 failed
25-Feb-19 16:30:33 -[DEBUG]  Password Hash: 6ba388f8224209533637b1b9ce741555cf399ac0a7aaa61bc5cc6a619f098ab6 method 3 failed
25-Feb-19 16:32:35 -[DEBUG]  Password Hash: 6ba388f8224209533637b1b9ce741555cf399ac0a7aaa61bc5cc6a619f098ab6 failed, h = 0
25-Feb-19 16:32:35 -[DEBUG]  Password Hash: 6ba388f8224209533637b1b9ce741555cf399ac0a7aaa61bc5cc6a619f098ab6 failed, h = 1
25-Feb-19 16:32:35 -[DEBUG]  Password Hash: 6ba388f8224209533637b1b9ce741555cf399ac0a7aaa61bc5cc6a619f098ab6 failed, h = 2
25-Feb-19 16:32:35 -[DEBUG]  Password Hash: 6ba388f8224209533637b1b9ce741555cf399ac0a7aaa61bc5cc6a619f098ab6 method 1 failed
25-Feb-19 16:32:35 -[DEBUG]  Password Hash: 6ba388f8224209533637b1b9ce741555cf399ac0a7aaa61bc5cc6a619f098ab6 method 3 failed
last 6 password all failed to be cracker after 5 hours

